<?xml version="1.0" encoding="UTF-8"?>
<!-- Generated by org.testng.reporters.JUnitReportReporter -->
<testsuite hostname="DESKTOP-SMAMQC8" failures="0" tests="5" name="SleniumMavenJnekinsProject.SleniumMavenJnekinsProject.AppTest" time="6.725" errors="0" timestamp="2023-10-20T14:28:56 IST" skipped="0">
  <testcase classname="SleniumMavenJnekinsProject.SleniumMavenJnekinsProject.AppTest" name="login" time="5.675"/>
  <system-out/>
  <testcase classname="SleniumMavenJnekinsProject.SleniumMavenJnekinsProject.AppTest" name="testcase1" time="0.036"/>
  <system-out/>
  <testcase classname="SleniumMavenJnekinsProject.SleniumMavenJnekinsProject.AppTest" name="testcase2" time="0.076"/>
  <system-out/>
  <testcase classname="SleniumMavenJnekinsProject.SleniumMavenJnekinsProject.AppTest" name="testcase3" time="0.910"/>
  <system-out/>
  <testcase classname="SleniumMavenJnekinsProject.SleniumMavenJnekinsProject.AppTest" name="testcase4" time="0.028"/>
  <system-out/>
</testsuite> <!-- SleniumMavenJnekinsProject.SleniumMavenJnekinsProject.AppTest -->
