<?xml version="1.0" encoding="UTF-8"?>
<!-- Generated by org.testng.reporters.JUnitReportReporter -->
<testsuite hostname="DESKTOP-SMAMQC8" failures="0" tests="5" name="com.test.SampleTest" time="8.070" errors="0" timestamp="2023-10-20T17:58:11 IST" skipped="0">
  <testcase classname="com.test.SampleTest" name="login" time="6.576"/>
  <system-out/>
  <testcase classname="com.test.SampleTest" name="testcase1" time="0.084"/>
  <system-out/>
  <testcase classname="com.test.SampleTest" name="testcase2" time="0.115"/>
  <system-out/>
  <testcase classname="com.test.SampleTest" name="testcase3" time="1.266"/>
  <system-out/>
  <testcase classname="com.test.SampleTest" name="testcase4" time="0.029"/>
  <system-out/>
</testsuite> <!-- com.test.SampleTest -->
